{"/home/filippoippolitorodrigues/Área de Trabalho/MYPROJECTS/challenge-full-stack-web/api/src/config/app-config.ts": {"path":"/home/filippoippolitorodrigues/Área de Trabalho/MYPROJECTS/challenge-full-stack-web/api/src/config/app-config.ts","statementMap":{"0":{"start":{"line":2,"column":16},"end":{"line":2,"column":63}},"1":{"start":{"line":4,"column":16},"end":{"line":9,"column":4}},"2":{"start":{"line":12,"column":0},"end":{"line":12,"column":22}}},"fnMap":{},"branchMap":{"0":{"loc":{"start":{"line":2,"column":30},"end":{"line":2,"column":62}},"type":"binary-expr","locations":[{"start":{"line":2,"column":30},"end":{"line":2,"column":53}},{"start":{"line":2,"column":57},"end":{"line":2,"column":62}}]},"1":{"loc":{"start":{"line":6,"column":16},"end":{"line":6,"column":45}},"type":"binary-expr","locations":[{"start":{"line":6,"column":16},"end":{"line":6,"column":32}},{"start":{"line":6,"column":36},"end":{"line":6,"column":45}}]},"2":{"loc":{"start":{"line":7,"column":12},"end":{"line":7,"column":44}},"type":"binary-expr","locations":[{"start":{"line":7,"column":12},"end":{"line":7,"column":36}},{"start":{"line":7,"column":40},"end":{"line":7,"column":44}}]}},"s":{"0":2,"1":2,"2":2},"f":{},"b":{"0":[2,2],"1":[2,2],"2":[2,2]}}
,"/home/filippoippolitorodrigues/Área de Trabalho/MYPROJECTS/challenge-full-stack-web/api/src/domain/auth/controller.ts": {"path":"/home/filippoippolitorodrigues/Área de Trabalho/MYPROJECTS/challenge-full-stack-web/api/src/domain/auth/controller.ts","statementMap":{"0":{"start":{"line":2,"column":0},"end":{"line":2,"column":42}},"1":{"start":{"line":5,"column":2},"end":{"line":11,"column":null}},"2":{"start":{"line":6,"column":23},"end":{"line":6,"column":43}},"3":{"start":{"line":7,"column":21},"end":{"line":7,"column":59}},"4":{"start":{"line":8,"column":4},"end":{"line":8,"column":35}},"5":{"start":{"line":10,"column":4},"end":{"line":10,"column":16}},"6":{"start":{"line":14,"column":0},"end":{"line":16,"column":2}}},"fnMap":{"0":{"name":"createToken","decl":{"start":{"line":4,"column":15},"end":{"line":4,"column":26}},"loc":{"start":{"line":4,"column":74},"end":{"line":12,"column":1}}}},"branchMap":{},"s":{"0":1,"1":2,"2":2,"3":2,"4":1,"5":1,"6":1},"f":{"0":2},"b":{}}
,"/home/filippoippolitorodrigues/Área de Trabalho/MYPROJECTS/challenge-full-stack-web/api/src/domain/auth/repository.ts": {"path":"/home/filippoippolitorodrigues/Área de Trabalho/MYPROJECTS/challenge-full-stack-web/api/src/domain/auth/repository.ts","statementMap":{"0":{"start":{"line":1,"column":0},"end":{"line":1,"column":80}},"1":{"start":{"line":2,"column":0},"end":{"line":2,"column":48}},"2":{"start":{"line":4,"column":0},"end":{"line":4,"column":48}},"3":{"start":{"line":5,"column":0},"end":{"line":5,"column":54}},"4":{"start":{"line":10,"column":32},"end":{"line":10,"column":40}},"5":{"start":{"line":11,"column":27},"end":{"line":11,"column":47}},"6":{"start":{"line":12,"column":17},"end":{"line":12,"column":56}},"7":{"start":{"line":13,"column":4},"end":{"line":15,"column":null}},"8":{"start":{"line":14,"column":6},"end":{"line":14,"column":24}},"9":{"start":{"line":17,"column":4},"end":{"line":17,"column":16}},"10":{"start":{"line":21,"column":4},"end":{"line":36,"column":null}},"11":{"start":{"line":22,"column":19},"end":{"line":22,"column":52}},"12":{"start":{"line":23,"column":6},"end":{"line":23,"column":27}},"13":{"start":{"line":25,"column":6},"end":{"line":28,"column":8}},"14":{"start":{"line":30,"column":6},"end":{"line":35,"column":8}},"15":{"start":{"line":8,"column":0},"end":{"line":8,"column":21}}},"fnMap":{"0":{"name":"(anonymous_1)","decl":{"start":{"line":9,"column":10},"end":{"line":9,"column":15}},"loc":{"start":{"line":9,"column":57},"end":{"line":18,"column":3}}},"1":{"name":"(anonymous_2)","decl":{"start":{"line":20,"column":9},"end":{"line":20,"column":14}},"loc":{"start":{"line":20,"column":55},"end":{"line":37,"column":3}}}},"branchMap":{"0":{"loc":{"start":{"line":13,"column":4},"end":{"line":15,"column":null}},"type":"if","locations":[{"start":{"line":13,"column":4},"end":{"line":15,"column":null}}]}},"s":{"0":1,"1":1,"2":1,"3":1,"4":0,"5":0,"6":0,"7":0,"8":0,"9":0,"10":0,"11":0,"12":0,"13":0,"14":0,"15":1},"f":{"0":0,"1":0},"b":{"0":[0]}}
,"/home/filippoippolitorodrigues/Área de Trabalho/MYPROJECTS/challenge-full-stack-web/api/src/domain/student/controller.ts": {"path":"/home/filippoippolitorodrigues/Área de Trabalho/MYPROJECTS/challenge-full-stack-web/api/src/domain/student/controller.ts","statementMap":{"0":{"start":{"line":2,"column":0},"end":{"line":2,"column":45}},"1":{"start":{"line":4,"column":19},"end":{"line":4,"column":42}},"2":{"start":{"line":7,"column":2},"end":{"line":12,"column":null}},"3":{"start":{"line":8,"column":21},"end":{"line":8,"column":61}},"4":{"start":{"line":9,"column":4},"end":{"line":9,"column":35}},"5":{"start":{"line":11,"column":4},"end":{"line":11,"column":16}},"6":{"start":{"line":16,"column":2},"end":{"line":21,"column":null}},"7":{"start":{"line":17,"column":21},"end":{"line":17,"column":52}},"8":{"start":{"line":18,"column":4},"end":{"line":18,"column":35}},"9":{"start":{"line":20,"column":4},"end":{"line":20,"column":16}},"10":{"start":{"line":25,"column":2},"end":{"line":30,"column":null}},"11":{"start":{"line":26,"column":21},"end":{"line":26,"column":76}},"12":{"start":{"line":27,"column":4},"end":{"line":27,"column":35}},"13":{"start":{"line":29,"column":4},"end":{"line":29,"column":16}},"14":{"start":{"line":34,"column":2},"end":{"line":39,"column":null}},"15":{"start":{"line":35,"column":21},"end":{"line":35,"column":66}},"16":{"start":{"line":36,"column":4},"end":{"line":36,"column":35}},"17":{"start":{"line":38,"column":4},"end":{"line":38,"column":16}},"18":{"start":{"line":42,"column":0},"end":{"line":47,"column":2}}},"fnMap":{"0":{"name":"createStudent","decl":{"start":{"line":6,"column":15},"end":{"line":6,"column":28}},"loc":{"start":{"line":6,"column":76},"end":{"line":13,"column":1}}},"1":{"name":"listStudents","decl":{"start":{"line":15,"column":15},"end":{"line":15,"column":27}},"loc":{"start":{"line":15,"column":75},"end":{"line":22,"column":1}}},"2":{"name":"updateStudent","decl":{"start":{"line":24,"column":15},"end":{"line":24,"column":28}},"loc":{"start":{"line":24,"column":76},"end":{"line":31,"column":1}}},"3":{"name":"deleteStudent","decl":{"start":{"line":33,"column":15},"end":{"line":33,"column":28}},"loc":{"start":{"line":33,"column":76},"end":{"line":40,"column":1}}}},"branchMap":{},"s":{"0":1,"1":1,"2":2,"3":2,"4":1,"5":1,"6":2,"7":2,"8":1,"9":1,"10":2,"11":2,"12":1,"13":1,"14":2,"15":2,"16":1,"17":1,"18":1},"f":{"0":2,"1":2,"2":2,"3":2},"b":{}}
,"/home/filippoippolitorodrigues/Área de Trabalho/MYPROJECTS/challenge-full-stack-web/api/src/domain/student/repository.ts": {"path":"/home/filippoippolitorodrigues/Área de Trabalho/MYPROJECTS/challenge-full-stack-web/api/src/domain/student/repository.ts","statementMap":{"0":{"start":{"line":1,"column":0},"end":{"line":1,"column":40}},"1":{"start":{"line":2,"column":0},"end":{"line":2,"column":89}},"2":{"start":{"line":3,"column":0},"end":{"line":3,"column":48}},"3":{"start":{"line":4,"column":0},"end":{"line":4,"column":41}},"4":{"start":{"line":10,"column":4},"end":{"line":10,"column":85}},"5":{"start":{"line":14,"column":4},"end":{"line":28,"column":null}},"6":{"start":{"line":15,"column":32},"end":{"line":15,"column":54}},"7":{"start":{"line":16,"column":22},"end":{"line":19,"column":8}},"8":{"start":{"line":20,"column":6},"end":{"line":20,"column":21}},"9":{"start":{"line":22,"column":6},"end":{"line":27,"column":8}},"10":{"start":{"line":32,"column":4},"end":{"line":43,"column":null}},"11":{"start":{"line":33,"column":32},"end":{"line":33,"column":54}},"12":{"start":{"line":34,"column":23},"end":{"line":34,"column":53}},"13":{"start":{"line":35,"column":6},"end":{"line":35,"column":22}},"14":{"start":{"line":37,"column":6},"end":{"line":42,"column":8}},"15":{"start":{"line":47,"column":4},"end":{"line":57,"column":null}},"16":{"start":{"line":48,"column":32},"end":{"line":48,"column":54}},"17":{"start":{"line":49,"column":6},"end":{"line":49,"column":61}},"18":{"start":{"line":51,"column":6},"end":{"line":56,"column":8}},"19":{"start":{"line":61,"column":4},"end":{"line":71,"column":null}},"20":{"start":{"line":62,"column":32},"end":{"line":62,"column":54}},"21":{"start":{"line":63,"column":6},"end":{"line":63,"column":48}},"22":{"start":{"line":65,"column":6},"end":{"line":70,"column":8}},"23":{"start":{"line":8,"column":0},"end":{"line":8,"column":21}}},"fnMap":{"0":{"name":"(anonymous_1)","decl":{"start":{"line":9,"column":10},"end":{"line":9,"column":15}},"loc":{"start":{"line":9,"column":26},"end":{"line":11,"column":3}}},"1":{"name":"(anonymous_2)","decl":{"start":{"line":13,"column":9},"end":{"line":13,"column":14}},"loc":{"start":{"line":13,"column":62},"end":{"line":29,"column":3}}},"2":{"name":"(anonymous_3)","decl":{"start":{"line":31,"column":9},"end":{"line":31,"column":14}},"loc":{"start":{"line":31,"column":27},"end":{"line":44,"column":3}}},"3":{"name":"(anonymous_4)","decl":{"start":{"line":46,"column":9},"end":{"line":46,"column":14}},"loc":{"start":{"line":46,"column":81},"end":{"line":58,"column":3}}},"4":{"name":"(anonymous_5)","decl":{"start":{"line":60,"column":9},"end":{"line":60,"column":14}},"loc":{"start":{"line":60,"column":46},"end":{"line":72,"column":3}}}},"branchMap":{},"s":{"0":1,"1":1,"2":1,"3":1,"4":0,"5":0,"6":0,"7":0,"8":0,"9":0,"10":0,"11":0,"12":0,"13":0,"14":0,"15":0,"16":0,"17":0,"18":0,"19":0,"20":0,"21":0,"22":0,"23":1},"f":{"0":0,"1":0,"2":0,"3":0,"4":0},"b":{}}
,"/home/filippoippolitorodrigues/Área de Trabalho/MYPROJECTS/challenge-full-stack-web/api/src/domain/user/controller.ts": {"path":"/home/filippoippolitorodrigues/Área de Trabalho/MYPROJECTS/challenge-full-stack-web/api/src/domain/user/controller.ts","statementMap":{"0":{"start":{"line":2,"column":0},"end":{"line":2,"column":42}},"1":{"start":{"line":5,"column":2},"end":{"line":11,"column":null}},"2":{"start":{"line":6,"column":23},"end":{"line":6,"column":43}},"3":{"start":{"line":7,"column":21},"end":{"line":7,"column":58}},"4":{"start":{"line":8,"column":4},"end":{"line":8,"column":35}},"5":{"start":{"line":10,"column":4},"end":{"line":10,"column":16}},"6":{"start":{"line":14,"column":0},"end":{"line":16,"column":2}}},"fnMap":{"0":{"name":"createUser","decl":{"start":{"line":4,"column":15},"end":{"line":4,"column":25}},"loc":{"start":{"line":4,"column":73},"end":{"line":12,"column":1}}}},"branchMap":{},"s":{"0":1,"1":2,"2":2,"3":2,"4":1,"5":1,"6":1},"f":{"0":2},"b":{}}
,"/home/filippoippolitorodrigues/Área de Trabalho/MYPROJECTS/challenge-full-stack-web/api/src/domain/user/repository.ts": {"path":"/home/filippoippolitorodrigues/Área de Trabalho/MYPROJECTS/challenge-full-stack-web/api/src/domain/user/repository.ts","statementMap":{"0":{"start":{"line":1,"column":0},"end":{"line":1,"column":40}},"1":{"start":{"line":2,"column":0},"end":{"line":2,"column":80}},"2":{"start":{"line":3,"column":0},"end":{"line":3,"column":48}},"3":{"start":{"line":4,"column":0},"end":{"line":4,"column":35}},"4":{"start":{"line":9,"column":4},"end":{"line":22,"column":null}},"5":{"start":{"line":10,"column":29},"end":{"line":10,"column":48}},"6":{"start":{"line":11,"column":19},"end":{"line":11,"column":77}},"7":{"start":{"line":12,"column":6},"end":{"line":12,"column":27}},"8":{"start":{"line":14,"column":6},"end":{"line":14,"column":18}},"9":{"start":{"line":16,"column":6},"end":{"line":21,"column":8}},"10":{"start":{"line":26,"column":4},"end":{"line":40,"column":null}},"11":{"start":{"line":27,"column":29},"end":{"line":27,"column":48}},"12":{"start":{"line":28,"column":6},"end":{"line":32,"column":9}},"13":{"start":{"line":34,"column":6},"end":{"line":39,"column":8}},"14":{"start":{"line":7,"column":0},"end":{"line":7,"column":21}}},"fnMap":{"0":{"name":"(anonymous_1)","decl":{"start":{"line":8,"column":9},"end":{"line":8,"column":14}},"loc":{"start":{"line":8,"column":53},"end":{"line":23,"column":3}}},"1":{"name":"(anonymous_2)","decl":{"start":{"line":25,"column":9},"end":{"line":25,"column":14}},"loc":{"start":{"line":25,"column":40},"end":{"line":41,"column":3}}}},"branchMap":{},"s":{"0":2,"1":2,"2":2,"3":2,"4":0,"5":0,"6":0,"7":0,"8":0,"9":0,"10":0,"11":0,"12":0,"13":0,"14":2},"f":{"0":0,"1":0},"b":{}}
,"/home/filippoippolitorodrigues/Área de Trabalho/MYPROJECTS/challenge-full-stack-web/api/src/errors/default-error.ts": {"path":"/home/filippoippolitorodrigues/Área de Trabalho/MYPROJECTS/challenge-full-stack-web/api/src/errors/default-error.ts","statementMap":{"0":{"start":{"line":5,"column":4},"end":{"line":5,"column":19}},"1":{"start":{"line":2,"column":9},"end":{"line":2,"column":29}},"2":{"start":{"line":7,"column":4},"end":{"line":7,"column":52}},"3":{"start":{"line":8,"column":4},"end":{"line":8,"column":38}},"4":{"start":{"line":9,"column":4},"end":{"line":11,"column":null}},"5":{"start":{"line":10,"column":6},"end":{"line":10,"column":92}},"6":{"start":{"line":12,"column":4},"end":{"line":12,"column":21}},"7":{"start":{"line":1,"column":0},"end":{"line":1,"column":21}}},"fnMap":{"0":{"name":"(anonymous_0)","decl":{"start":{"line":4,"column":2},"end":{"line":4,"column":14}},"loc":{"start":{"line":4,"column":58},"end":{"line":13,"column":3}}}},"branchMap":{"0":{"loc":{"start":{"line":9,"column":4},"end":{"line":11,"column":null}},"type":"if","locations":[{"start":{"line":9,"column":4},"end":{"line":11,"column":null}}]},"1":{"loc":{"start":{"line":9,"column":8},"end":{"line":9,"column":28}},"type":"binary-expr","locations":[{"start":{"line":9,"column":8},"end":{"line":9,"column":13}},{"start":{"line":9,"column":17},"end":{"line":9,"column":28}}]}},"s":{"0":10,"1":10,"2":10,"3":10,"4":10,"5":0,"6":10,"7":4},"f":{"0":10},"b":{"0":[0],"1":[10,0]}}
,"/home/filippoippolitorodrigues/Área de Trabalho/MYPROJECTS/challenge-full-stack-web/api/src/errors/http-error.ts": {"path":"/home/filippoippolitorodrigues/Área de Trabalho/MYPROJECTS/challenge-full-stack-web/api/src/errors/http-error.ts","statementMap":{"0":{"start":{"line":1,"column":0},"end":{"line":1,"column":43}},"1":{"start":{"line":9,"column":4},"end":{"line":9,"column":37}},"2":{"start":{"line":4,"column":9},"end":{"line":4,"column":35}},"3":{"start":{"line":6,"column":9},"end":{"line":6,"column":28}},"4":{"start":{"line":11,"column":4},"end":{"line":11,"column":33}},"5":{"start":{"line":12,"column":4},"end":{"line":12,"column":69}},"6":{"start":{"line":3,"column":0},"end":{"line":3,"column":21}}},"fnMap":{"0":{"name":"(anonymous_1)","decl":{"start":{"line":8,"column":2},"end":{"line":8,"column":14}},"loc":{"start":{"line":8,"column":96},"end":{"line":13,"column":3}}}},"branchMap":{"0":{"loc":{"start":{"line":12,"column":18},"end":{"line":12,"column":68}},"type":"cond-expr","locations":[{"start":{"line":12,"column":37},"end":{"line":12,"column":59}},{"start":{"line":12,"column":62},"end":{"line":12,"column":68}}]},"1":{"loc":{"start":{"line":12,"column":18},"end":{"line":12,"column":34}},"type":"cond-expr","locations":[{"start":{"line":12,"column":24},"end":{"line":12,"column":26}},{"start":{"line":12,"column":18},"end":{"line":12,"column":34}}]},"2":{"loc":{"start":{"line":12,"column":18},"end":{"line":12,"column":26}},"type":"binary-expr","locations":[{"start":{"line":12,"column":18},"end":{"line":12,"column":26}},{"start":{"line":12,"column":18},"end":{"line":12,"column":26}}]}},"s":{"0":4,"1":10,"2":10,"3":10,"4":10,"5":10,"6":4},"f":{"0":10},"b":{"0":[0,10],"1":[0,10],"2":[10,10]}}
,"/home/filippoippolitorodrigues/Área de Trabalho/MYPROJECTS/challenge-full-stack-web/api/src/errors/translator/auth/index.ts": {"path":"/home/filippoippolitorodrigues/Área de Trabalho/MYPROJECTS/challenge-full-stack-web/api/src/errors/translator/auth/index.ts","statementMap":{"0":{"start":{"line":1,"column":0},"end":{"line":1,"column":7}},"1":{"start":{"line":4,"column":9},"end":{"line":1,"column":34}},"2":{"start":{"line":2,"column":0},"end":{"line":2,"column":7}},"3":{"start":{"line":4,"column":24},"end":{"line":2,"column":42}}},"fnMap":{},"branchMap":{},"s":{"0":1,"1":1,"2":1,"3":1},"f":{},"b":{}}
,"/home/filippoippolitorodrigues/Área de Trabalho/MYPROJECTS/challenge-full-stack-web/api/src/errors/translator/auth/key.ts": {"path":"/home/filippoippolitorodrigues/Área de Trabalho/MYPROJECTS/challenge-full-stack-web/api/src/errors/translator/auth/key.ts","statementMap":{"0":{"start":{"line":1,"column":0},"end":{"line":3,"column":2}}},"fnMap":{},"branchMap":{},"s":{"0":1},"f":{},"b":{}}
,"/home/filippoippolitorodrigues/Área de Trabalho/MYPROJECTS/challenge-full-stack-web/api/src/errors/translator/auth/message.ts": {"path":"/home/filippoippolitorodrigues/Área de Trabalho/MYPROJECTS/challenge-full-stack-web/api/src/errors/translator/auth/message.ts","statementMap":{"0":{"start":{"line":1,"column":0},"end":{"line":3,"column":2}}},"fnMap":{},"branchMap":{},"s":{"0":1},"f":{},"b":{}}
,"/home/filippoippolitorodrigues/Área de Trabalho/MYPROJECTS/challenge-full-stack-web/api/src/errors/translator/student/index.ts": {"path":"/home/filippoippolitorodrigues/Área de Trabalho/MYPROJECTS/challenge-full-stack-web/api/src/errors/translator/student/index.ts","statementMap":{"0":{"start":{"line":1,"column":0},"end":{"line":1,"column":7}},"1":{"start":{"line":4,"column":9},"end":{"line":1,"column":37}},"2":{"start":{"line":2,"column":0},"end":{"line":2,"column":7}},"3":{"start":{"line":4,"column":27},"end":{"line":2,"column":45}}},"fnMap":{},"branchMap":{},"s":{"0":1,"1":1,"2":1,"3":1},"f":{},"b":{}}
,"/home/filippoippolitorodrigues/Área de Trabalho/MYPROJECTS/challenge-full-stack-web/api/src/errors/translator/student/key.ts": {"path":"/home/filippoippolitorodrigues/Área de Trabalho/MYPROJECTS/challenge-full-stack-web/api/src/errors/translator/student/key.ts","statementMap":{"0":{"start":{"line":1,"column":0},"end":{"line":6,"column":2}}},"fnMap":{},"branchMap":{},"s":{"0":1},"f":{},"b":{}}
,"/home/filippoippolitorodrigues/Área de Trabalho/MYPROJECTS/challenge-full-stack-web/api/src/errors/translator/student/message.ts": {"path":"/home/filippoippolitorodrigues/Área de Trabalho/MYPROJECTS/challenge-full-stack-web/api/src/errors/translator/student/message.ts","statementMap":{"0":{"start":{"line":1,"column":0},"end":{"line":6,"column":2}}},"fnMap":{},"branchMap":{},"s":{"0":1},"f":{},"b":{}}
,"/home/filippoippolitorodrigues/Área de Trabalho/MYPROJECTS/challenge-full-stack-web/api/src/errors/translator/user/index.ts": {"path":"/home/filippoippolitorodrigues/Área de Trabalho/MYPROJECTS/challenge-full-stack-web/api/src/errors/translator/user/index.ts","statementMap":{"0":{"start":{"line":1,"column":0},"end":{"line":1,"column":7}},"1":{"start":{"line":4,"column":9},"end":{"line":1,"column":34}},"2":{"start":{"line":2,"column":0},"end":{"line":2,"column":7}},"3":{"start":{"line":4,"column":24},"end":{"line":2,"column":42}}},"fnMap":{},"branchMap":{},"s":{"0":2,"1":2,"2":2,"3":2},"f":{},"b":{}}
,"/home/filippoippolitorodrigues/Área de Trabalho/MYPROJECTS/challenge-full-stack-web/api/src/errors/translator/user/key.ts": {"path":"/home/filippoippolitorodrigues/Área de Trabalho/MYPROJECTS/challenge-full-stack-web/api/src/errors/translator/user/key.ts","statementMap":{"0":{"start":{"line":1,"column":0},"end":{"line":4,"column":2}}},"fnMap":{},"branchMap":{},"s":{"0":2},"f":{},"b":{}}
,"/home/filippoippolitorodrigues/Área de Trabalho/MYPROJECTS/challenge-full-stack-web/api/src/errors/translator/user/message.ts": {"path":"/home/filippoippolitorodrigues/Área de Trabalho/MYPROJECTS/challenge-full-stack-web/api/src/errors/translator/user/message.ts","statementMap":{"0":{"start":{"line":1,"column":0},"end":{"line":4,"column":2}}},"fnMap":{},"branchMap":{},"s":{"0":2},"f":{},"b":{}}
,"/home/filippoippolitorodrigues/Área de Trabalho/MYPROJECTS/challenge-full-stack-web/api/src/middlewares/validation.ts": {"path":"/home/filippoippolitorodrigues/Área de Trabalho/MYPROJECTS/challenge-full-stack-web/api/src/middlewares/validation.ts","statementMap":{"0":{"start":{"line":3,"column":0},"end":{"line":3,"column":45}},"1":{"start":{"line":6,"column":42},"end":{"line":10,"column":4}},"2":{"start":{"line":12,"column":2},"end":{"line":14,"column":null}},"3":{"start":{"line":13,"column":4},"end":{"line":13,"column":25}},"4":{"start":{"line":16,"column":17},"end":{"line":20,"column":4}},"5":{"start":{"line":17,"column":16},"end":{"line":17,"column":37}},"6":{"start":{"line":18,"column":20},"end":{"line":18,"column":55}},"7":{"start":{"line":19,"column":4},"end":{"line":19,"column":30}},"8":{"start":{"line":22,"column":2},"end":{"line":22,"column":69}},"9":{"start":{"line":25,"column":24},"end":{"line":32,"column":1}},"10":{"start":{"line":25,"column":50},"end":{"line":32,"column":1}},"11":{"start":{"line":26,"column":2},"end":{"line":31,"column":null}},"12":{"start":{"line":27,"column":4},"end":{"line":27,"column":57}},"13":{"start":{"line":28,"column":4},"end":{"line":28,"column":11}},"14":{"start":{"line":30,"column":4},"end":{"line":30,"column":14}},"15":{"start":{"line":72,"column":47},"end":{"line":72,"column":62}},"16":{"start":{"line":34,"column":23},"end":{"line":45,"column":1}},"17":{"start":{"line":34,"column":49},"end":{"line":45,"column":1}},"18":{"start":{"line":35,"column":2},"end":{"line":44,"column":null}},"19":{"start":{"line":36,"column":23},"end":{"line":36,"column":26}},"20":{"start":{"line":37,"column":4},"end":{"line":39,"column":7}},"21":{"start":{"line":40,"column":4},"end":{"line":40,"column":24}},"22":{"start":{"line":41,"column":4},"end":{"line":41,"column":11}},"23":{"start":{"line":43,"column":4},"end":{"line":43,"column":14}},"24":{"start":{"line":72,"column":16},"end":{"line":72,"column":30}},"25":{"start":{"line":47,"column":22},"end":{"line":56,"column":1}},"26":{"start":{"line":47,"column":48},"end":{"line":56,"column":1}},"27":{"start":{"line":48,"column":2},"end":{"line":55,"column":null}},"28":{"start":{"line":49,"column":22},"end":{"line":49,"column":25}},"29":{"start":{"line":50,"column":19},"end":{"line":50,"column":73}},"30":{"start":{"line":51,"column":4},"end":{"line":51,"column":23}},"31":{"start":{"line":52,"column":4},"end":{"line":52,"column":11}},"32":{"start":{"line":54,"column":4},"end":{"line":54,"column":14}},"33":{"start":{"line":72,"column":32},"end":{"line":72,"column":45}},"34":{"start":{"line":58,"column":21},"end":{"line":69,"column":1}},"35":{"start":{"line":58,"column":47},"end":{"line":69,"column":1}},"36":{"start":{"line":59,"column":2},"end":{"line":68,"column":null}},"37":{"start":{"line":60,"column":21},"end":{"line":60,"column":24}},"38":{"start":{"line":61,"column":4},"end":{"line":63,"column":7}},"39":{"start":{"line":64,"column":4},"end":{"line":64,"column":20}},"40":{"start":{"line":65,"column":4},"end":{"line":65,"column":11}},"41":{"start":{"line":67,"column":4},"end":{"line":67,"column":14}},"42":{"start":{"line":72,"column":2},"end":{"line":72,"column":14}}},"fnMap":{"0":{"name":"checkAndReturnValidationResult","decl":{"start":{"line":5,"column":15},"end":{"line":5,"column":45}},"loc":{"start":{"line":5,"column":90},"end":{"line":23,"column":1}}},"1":{"name":"(anonymous_2)","decl":{"start":{"line":16,"column":35},"end":{"line":16,"column":36}},"loc":{"start":{"line":16,"column":46},"end":{"line":20,"column":3}}},"2":{"name":"(anonymous_3)","decl":{"start":{"line":25,"column":24},"end":{"line":25,"column":25}},"loc":{"start":{"line":25,"column":50},"end":{"line":32,"column":1}}},"3":{"name":"(anonymous_4)","decl":{"start":{"line":25,"column":50},"end":{"line":25,"column":55}},"loc":{"start":{"line":25,"column":108},"end":{"line":32,"column":1}}},"4":{"name":"(anonymous_5)","decl":{"start":{"line":34,"column":23},"end":{"line":34,"column":24}},"loc":{"start":{"line":34,"column":49},"end":{"line":45,"column":1}}},"5":{"name":"(anonymous_6)","decl":{"start":{"line":34,"column":49},"end":{"line":34,"column":54}},"loc":{"start":{"line":34,"column":107},"end":{"line":45,"column":1}}},"6":{"name":"(anonymous_7)","decl":{"start":{"line":47,"column":22},"end":{"line":47,"column":23}},"loc":{"start":{"line":47,"column":48},"end":{"line":56,"column":1}}},"7":{"name":"(anonymous_8)","decl":{"start":{"line":47,"column":48},"end":{"line":47,"column":53}},"loc":{"start":{"line":47,"column":106},"end":{"line":56,"column":1}}},"8":{"name":"(anonymous_9)","decl":{"start":{"line":58,"column":21},"end":{"line":58,"column":22}},"loc":{"start":{"line":58,"column":47},"end":{"line":69,"column":1}}},"9":{"name":"(anonymous_10)","decl":{"start":{"line":58,"column":47},"end":{"line":58,"column":52}},"loc":{"start":{"line":58,"column":105},"end":{"line":69,"column":1}}}},"branchMap":{"0":{"loc":{"start":{"line":5,"column":76},"end":{"line":5,"column":90}},"type":"default-arg","locations":[{"start":{"line":5,"column":88},"end":{"line":5,"column":90}}]},"1":{"loc":{"start":{"line":12,"column":2},"end":{"line":14,"column":null}},"type":"if","locations":[{"start":{"line":12,"column":2},"end":{"line":14,"column":null}}]}},"s":{"0":1,"1":9,"2":9,"3":4,"4":5,"5":5,"6":5,"7":5,"8":5,"9":1,"10":3,"11":3,"12":3,"13":1,"14":2,"15":1,"16":1,"17":2,"18":2,"19":2,"20":2,"21":1,"22":1,"23":1,"24":1,"25":1,"26":2,"27":2,"28":2,"29":2,"30":1,"31":1,"32":1,"33":1,"34":1,"35":2,"36":2,"37":2,"38":2,"39":1,"40":1,"41":1,"42":1},"f":{"0":9,"1":5,"2":3,"3":3,"4":2,"5":2,"6":2,"7":2,"8":2,"9":2},"b":{"0":[5],"1":[4]}}
,"/home/filippoippolitorodrigues/Área de Trabalho/MYPROJECTS/challenge-full-stack-web/api/src/utils/jwt.utils.ts": {"path":"/home/filippoippolitorodrigues/Área de Trabalho/MYPROJECTS/challenge-full-stack-web/api/src/utils/jwt.utils.ts","statementMap":{"0":{"start":{"line":1,"column":0},"end":{"line":1,"column":null}},"1":{"start":{"line":4,"column":0},"end":{"line":4,"column":25}},"2":{"start":{"line":5,"column":0},"end":{"line":5,"column":29}},"3":{"start":{"line":8,"column":21},"end":{"line":11,"column":4}},"4":{"start":{"line":13,"column":37},"end":{"line":16,"column":4}},"5":{"start":{"line":18,"column":2},"end":{"line":18,"column":45}},"6":{"start":{"line":7,"column":0},"end":{"line":7,"column":16}},"7":{"start":{"line":29,"column":20},"end":{"line":29,"column":77}},"8":{"start":{"line":31,"column":39},"end":{"line":33,"column":4}},"9":{"start":{"line":35,"column":2},"end":{"line":41,"column":5}},"10":{"start":{"line":36,"column":4},"end":{"line":40,"column":7}},"11":{"start":{"line":37,"column":6},"end":{"line":37,"column":38}},"12":{"start":{"line":37,"column":17},"end":{"line":37,"column":38}},"13":{"start":{"line":39,"column":6},"end":{"line":39,"column":23}},"14":{"start":{"line":28,"column":0},"end":{"line":28,"column":16}}},"fnMap":{"0":{"name":"generateToken","decl":{"start":{"line":7,"column":16},"end":{"line":7,"column":29}},"loc":{"start":{"line":7,"column":29},"end":{"line":19,"column":1}}},"1":{"name":"validateToken","decl":{"start":{"line":28,"column":16},"end":{"line":28,"column":29}},"loc":{"start":{"line":28,"column":43},"end":{"line":42,"column":1}}},"2":{"name":"(anonymous_8)","decl":{"start":{"line":35,"column":21},"end":{"line":35,"column":22}},"loc":{"start":{"line":35,"column":41},"end":{"line":41,"column":3}}},"3":{"name":"(anonymous_9)","decl":{"start":{"line":36,"column":44},"end":{"line":36,"column":45}},"loc":{"start":{"line":36,"column":77},"end":{"line":40,"column":5}}}},"branchMap":{"0":{"loc":{"start":{"line":37,"column":6},"end":{"line":37,"column":38}},"type":"if","locations":[{"start":{"line":37,"column":6},"end":{"line":37,"column":38}}]}},"s":{"0":1,"1":1,"2":1,"3":0,"4":0,"5":0,"6":1,"7":0,"8":0,"9":0,"10":0,"11":0,"12":0,"13":0,"14":1},"f":{"0":0,"1":0,"2":0,"3":0},"b":{"0":[0]}}
}
