{"/home/filippoippolitorodrigues/Área de Trabalho/MYPROJECTS/strider/src/config/app-config.ts": {"path":"/home/filippoippolitorodrigues/Área de Trabalho/MYPROJECTS/strider/src/config/app-config.ts","statementMap":{"0":{"start":{"line":2,"column":16},"end":{"line":2,"column":63}},"1":{"start":{"line":4,"column":16},"end":{"line":9,"column":4}},"2":{"start":{"line":12,"column":0},"end":{"line":12,"column":22}}},"fnMap":{},"branchMap":{"0":{"loc":{"start":{"line":2,"column":30},"end":{"line":2,"column":62}},"type":"binary-expr","locations":[{"start":{"line":2,"column":30},"end":{"line":2,"column":53}},{"start":{"line":2,"column":57},"end":{"line":2,"column":62}}]},"1":{"loc":{"start":{"line":6,"column":16},"end":{"line":6,"column":45}},"type":"binary-expr","locations":[{"start":{"line":6,"column":16},"end":{"line":6,"column":32}},{"start":{"line":6,"column":36},"end":{"line":6,"column":45}}]},"2":{"loc":{"start":{"line":7,"column":12},"end":{"line":7,"column":44}},"type":"binary-expr","locations":[{"start":{"line":7,"column":12},"end":{"line":7,"column":36}},{"start":{"line":7,"column":40},"end":{"line":7,"column":44}}]}},"s":{"0":2,"1":2,"2":2},"f":{},"b":{"0":[2,2],"1":[2,2],"2":[2,2]}}
,"/home/filippoippolitorodrigues/Área de Trabalho/MYPROJECTS/strider/src/domain/post/controller.ts": {"path":"/home/filippoippolitorodrigues/Área de Trabalho/MYPROJECTS/strider/src/domain/post/controller.ts","statementMap":{"0":{"start":{"line":2,"column":0},"end":{"line":2,"column":42}},"1":{"start":{"line":5,"column":2},"end":{"line":11,"column":null}},"2":{"start":{"line":6,"column":23},"end":{"line":6,"column":43}},"3":{"start":{"line":7,"column":21},"end":{"line":7,"column":55}},"4":{"start":{"line":8,"column":4},"end":{"line":8,"column":35}},"5":{"start":{"line":10,"column":4},"end":{"line":10,"column":16}},"6":{"start":{"line":15,"column":2},"end":{"line":21,"column":null}},"7":{"start":{"line":16,"column":23},"end":{"line":16,"column":43}},"8":{"start":{"line":17,"column":21},"end":{"line":17,"column":54}},"9":{"start":{"line":18,"column":4},"end":{"line":18,"column":35}},"10":{"start":{"line":20,"column":4},"end":{"line":20,"column":16}},"11":{"start":{"line":24,"column":0},"end":{"line":27,"column":2}}},"fnMap":{"0":{"name":"getAll","decl":{"start":{"line":4,"column":15},"end":{"line":4,"column":21}},"loc":{"start":{"line":4,"column":69},"end":{"line":12,"column":1}}},"1":{"name":"create","decl":{"start":{"line":14,"column":15},"end":{"line":14,"column":21}},"loc":{"start":{"line":14,"column":69},"end":{"line":22,"column":1}}}},"branchMap":{},"s":{"0":1,"1":2,"2":2,"3":2,"4":1,"5":1,"6":2,"7":2,"8":2,"9":1,"10":1,"11":1},"f":{"0":2,"1":2},"b":{}}
,"/home/filippoippolitorodrigues/Área de Trabalho/MYPROJECTS/strider/src/domain/post/repository.ts": {"path":"/home/filippoippolitorodrigues/Área de Trabalho/MYPROJECTS/strider/src/domain/post/repository.ts","statementMap":{"0":{"start":{"line":1,"column":0},"end":{"line":1,"column":null}},"1":{"start":{"line":4,"column":0},"end":{"line":4,"column":28}},"2":{"start":{"line":5,"column":0},"end":{"line":5,"column":80}},"3":{"start":{"line":6,"column":0},"end":{"line":6,"column":48}},"4":{"start":{"line":8,"column":0},"end":{"line":8,"column":35}},"5":{"start":{"line":13,"column":28},"end":{"line":13,"column":32}},"6":{"start":{"line":14,"column":21},"end":{"line":14,"column":45}},"7":{"start":{"line":15,"column":21},"end":{"line":15,"column":58}},"8":{"start":{"line":16,"column":21},"end":{"line":16,"column":51}},"9":{"start":{"line":18,"column":4},"end":{"line":25,"column":6}},"10":{"start":{"line":29,"column":4},"end":{"line":58,"column":null}},"11":{"start":{"line":30,"column":29},"end":{"line":30,"column":48}},"12":{"start":{"line":32,"column":19},"end":{"line":32,"column":35}},"13":{"start":{"line":33,"column":19},"end":{"line":33,"column":34}},"14":{"start":{"line":34,"column":19},"end":{"line":34,"column":36}},"15":{"start":{"line":36,"column":19},"end":{"line":47,"column":null}},"16":{"start":{"line":50,"column":6},"end":{"line":50,"column":59}},"17":{"start":{"line":52,"column":6},"end":{"line":57,"column":8}},"18":{"start":{"line":62,"column":4},"end":{"line":91,"column":null}},"19":{"start":{"line":63,"column":20},"end":{"line":63,"column":49}},"20":{"start":{"line":64,"column":29},"end":{"line":64,"column":48}},"21":{"start":{"line":65,"column":29},"end":{"line":70,"column":8}},"22":{"start":{"line":72,"column":6},"end":{"line":79,"column":null}},"23":{"start":{"line":73,"column":8},"end":{"line":78,"column":10}},"24":{"start":{"line":81,"column":19},"end":{"line":81,"column":54}},"25":{"start":{"line":82,"column":6},"end":{"line":82,"column":18}},"26":{"start":{"line":84,"column":6},"end":{"line":84,"column":null}},"27":{"start":{"line":85,"column":6},"end":{"line":90,"column":8}},"28":{"start":{"line":11,"column":0},"end":{"line":11,"column":21}}},"fnMap":{"0":{"name":"(anonymous_1)","decl":{"start":{"line":12,"column":10},"end":{"line":12,"column":15}},"loc":{"start":{"line":12,"column":66},"end":{"line":26,"column":3}}},"1":{"name":"(anonymous_2)","decl":{"start":{"line":28,"column":9},"end":{"line":28,"column":14}},"loc":{"start":{"line":28,"column":32},"end":{"line":59,"column":3}}},"2":{"name":"(anonymous_3)","decl":{"start":{"line":61,"column":9},"end":{"line":61,"column":14}},"loc":{"start":{"line":61,"column":42},"end":{"line":92,"column":3}}}},"branchMap":{"0":{"loc":{"start":{"line":15,"column":21},"end":{"line":15,"column":58}},"type":"cond-expr","locations":[{"start":{"line":15,"column":43},"end":{"line":15,"column":47}},{"start":{"line":15,"column":50},"end":{"line":15,"column":58}}]},"1":{"loc":{"start":{"line":16,"column":21},"end":{"line":16,"column":51}},"type":"cond-expr","locations":[{"start":{"line":16,"column":36},"end":{"line":16,"column":40}},{"start":{"line":16,"column":43},"end":{"line":16,"column":51}}]},"2":{"loc":{"start":{"line":32,"column":19},"end":{"line":32,"column":35}},"type":"binary-expr","locations":[{"start":{"line":32,"column":19},"end":{"line":32,"column":29}},{"start":{"line":32,"column":33},"end":{"line":32,"column":35}}]},"3":{"loc":{"start":{"line":33,"column":19},"end":{"line":33,"column":34}},"type":"binary-expr","locations":[{"start":{"line":33,"column":19},"end":{"line":33,"column":29}},{"start":{"line":33,"column":33},"end":{"line":33,"column":34}}]},"4":{"loc":{"start":{"line":40,"column":16},"end":{"line":40,"column":72}},"type":"binary-expr","locations":[{"start":{"line":40,"column":16},"end":{"line":40,"column":30}},{"start":{"line":40,"column":34},"end":{"line":40,"column":72}}]},"5":{"loc":{"start":{"line":41,"column":16},"end":{"line":41,"column":75}},"type":"binary-expr","locations":[{"start":{"line":41,"column":16},"end":{"line":41,"column":31}},{"start":{"line":41,"column":35},"end":{"line":41,"column":75}}]},"6":{"loc":{"start":{"line":42,"column":16},"end":{"line":42,"column":71}},"type":"binary-expr","locations":[{"start":{"line":42,"column":16},"end":{"line":42,"column":29}},{"start":{"line":42,"column":33},"end":{"line":42,"column":71}}]},"7":{"loc":{"start":{"line":72,"column":6},"end":{"line":79,"column":null}},"type":"if","locations":[{"start":{"line":72,"column":6},"end":{"line":79,"column":null}}]}},"s":{"0":3,"1":3,"2":3,"3":3,"4":3,"5":0,"6":0,"7":0,"8":0,"9":0,"10":0,"11":0,"12":0,"13":0,"14":0,"15":0,"16":0,"17":0,"18":1,"19":1,"20":1,"21":1,"22":0,"23":0,"24":0,"25":0,"26":1,"27":1,"28":3},"f":{"0":0,"1":0,"2":1},"b":{"0":[0,0],"1":[0,0],"2":[0,0],"3":[0,0],"4":[0,0],"5":[0,0],"6":[0,0],"7":[0]}}
,"/home/filippoippolitorodrigues/Área de Trabalho/MYPROJECTS/strider/src/domain/user/controller.ts": {"path":"/home/filippoippolitorodrigues/Área de Trabalho/MYPROJECTS/strider/src/domain/user/controller.ts","statementMap":{"0":{"start":{"line":2,"column":0},"end":{"line":2,"column":42}},"1":{"start":{"line":5,"column":2},"end":{"line":12,"column":null}},"2":{"start":{"line":6,"column":23},"end":{"line":6,"column":43}},"3":{"start":{"line":7,"column":17},"end":{"line":7,"column":62}},"4":{"start":{"line":9,"column":4},"end":{"line":9,"column":31}},"5":{"start":{"line":11,"column":4},"end":{"line":11,"column":16}},"6":{"start":{"line":15,"column":0},"end":{"line":17,"column":2}}},"fnMap":{"0":{"name":"getUser","decl":{"start":{"line":4,"column":15},"end":{"line":4,"column":22}},"loc":{"start":{"line":4,"column":70},"end":{"line":13,"column":1}}}},"branchMap":{},"s":{"0":1,"1":2,"2":2,"3":2,"4":1,"5":1,"6":1},"f":{"0":2},"b":{}}
,"/home/filippoippolitorodrigues/Área de Trabalho/MYPROJECTS/strider/src/domain/user/repository.ts": {"path":"/home/filippoippolitorodrigues/Área de Trabalho/MYPROJECTS/strider/src/domain/user/repository.ts","statementMap":{"0":{"start":{"line":1,"column":0},"end":{"line":1,"column":40}},"1":{"start":{"line":2,"column":0},"end":{"line":2,"column":28}},"2":{"start":{"line":3,"column":0},"end":{"line":3,"column":48}},"3":{"start":{"line":4,"column":0},"end":{"line":4,"column":80}},"4":{"start":{"line":5,"column":0},"end":{"line":5,"column":48}},"5":{"start":{"line":6,"column":0},"end":{"line":6,"column":35}},"6":{"start":{"line":11,"column":4},"end":{"line":34,"column":null}},"7":{"start":{"line":12,"column":29},"end":{"line":12,"column":48}},"8":{"start":{"line":13,"column":19},"end":{"line":17,"column":8}},"9":{"start":{"line":19,"column":29},"end":{"line":19,"column":49}},"10":{"start":{"line":20,"column":24},"end":{"line":20,"column":65}},"11":{"start":{"line":22,"column":6},"end":{"line":26,"column":8}},"12":{"start":{"line":28,"column":6},"end":{"line":33,"column":8}},"13":{"start":{"line":9,"column":0},"end":{"line":9,"column":21}}},"fnMap":{"0":{"name":"(anonymous_1)","decl":{"start":{"line":10,"column":9},"end":{"line":10,"column":14}},"loc":{"start":{"line":10,"column":39},"end":{"line":35,"column":3}}}},"branchMap":{},"s":{"0":1,"1":1,"2":1,"3":1,"4":1,"5":1,"6":0,"7":0,"8":0,"9":0,"10":0,"11":0,"12":0,"13":1},"f":{"0":0},"b":{}}
,"/home/filippoippolitorodrigues/Área de Trabalho/MYPROJECTS/strider/src/errors/default-error.ts": {"path":"/home/filippoippolitorodrigues/Área de Trabalho/MYPROJECTS/strider/src/errors/default-error.ts","statementMap":{"0":{"start":{"line":5,"column":4},"end":{"line":5,"column":19}},"1":{"start":{"line":2,"column":9},"end":{"line":2,"column":29}},"2":{"start":{"line":7,"column":4},"end":{"line":7,"column":52}},"3":{"start":{"line":8,"column":4},"end":{"line":8,"column":38}},"4":{"start":{"line":9,"column":4},"end":{"line":11,"column":null}},"5":{"start":{"line":10,"column":6},"end":{"line":10,"column":92}},"6":{"start":{"line":12,"column":4},"end":{"line":12,"column":21}},"7":{"start":{"line":1,"column":0},"end":{"line":1,"column":21}}},"fnMap":{"0":{"name":"(anonymous_0)","decl":{"start":{"line":4,"column":2},"end":{"line":4,"column":14}},"loc":{"start":{"line":4,"column":58},"end":{"line":13,"column":3}}}},"branchMap":{"0":{"loc":{"start":{"line":9,"column":4},"end":{"line":11,"column":null}},"type":"if","locations":[{"start":{"line":9,"column":4},"end":{"line":11,"column":null}}]},"1":{"loc":{"start":{"line":9,"column":8},"end":{"line":9,"column":28}},"type":"binary-expr","locations":[{"start":{"line":9,"column":8},"end":{"line":9,"column":13}},{"start":{"line":9,"column":17},"end":{"line":9,"column":28}}]}},"s":{"0":11,"1":11,"2":11,"3":11,"4":11,"5":0,"6":11,"7":4},"f":{"0":11},"b":{"0":[0],"1":[11,0]}}
,"/home/filippoippolitorodrigues/Área de Trabalho/MYPROJECTS/strider/src/errors/http-error.ts": {"path":"/home/filippoippolitorodrigues/Área de Trabalho/MYPROJECTS/strider/src/errors/http-error.ts","statementMap":{"0":{"start":{"line":1,"column":0},"end":{"line":1,"column":43}},"1":{"start":{"line":9,"column":4},"end":{"line":9,"column":37}},"2":{"start":{"line":4,"column":9},"end":{"line":4,"column":35}},"3":{"start":{"line":6,"column":9},"end":{"line":6,"column":28}},"4":{"start":{"line":11,"column":4},"end":{"line":11,"column":33}},"5":{"start":{"line":12,"column":4},"end":{"line":12,"column":69}},"6":{"start":{"line":3,"column":0},"end":{"line":3,"column":21}}},"fnMap":{"0":{"name":"(anonymous_1)","decl":{"start":{"line":8,"column":2},"end":{"line":8,"column":14}},"loc":{"start":{"line":8,"column":96},"end":{"line":13,"column":3}}}},"branchMap":{"0":{"loc":{"start":{"line":12,"column":18},"end":{"line":12,"column":68}},"type":"cond-expr","locations":[{"start":{"line":12,"column":37},"end":{"line":12,"column":59}},{"start":{"line":12,"column":62},"end":{"line":12,"column":68}}]},"1":{"loc":{"start":{"line":12,"column":18},"end":{"line":12,"column":34}},"type":"cond-expr","locations":[{"start":{"line":12,"column":24},"end":{"line":12,"column":26}},{"start":{"line":12,"column":18},"end":{"line":12,"column":34}}]},"2":{"loc":{"start":{"line":12,"column":18},"end":{"line":12,"column":26}},"type":"binary-expr","locations":[{"start":{"line":12,"column":18},"end":{"line":12,"column":26}},{"start":{"line":12,"column":18},"end":{"line":12,"column":26}}]}},"s":{"0":4,"1":11,"2":11,"3":11,"4":11,"5":11,"6":4},"f":{"0":11},"b":{"0":[0,11],"1":[0,11],"2":[11,11]}}
,"/home/filippoippolitorodrigues/Área de Trabalho/MYPROJECTS/strider/src/errors/translator/post/index.ts": {"path":"/home/filippoippolitorodrigues/Área de Trabalho/MYPROJECTS/strider/src/errors/translator/post/index.ts","statementMap":{"0":{"start":{"line":1,"column":0},"end":{"line":1,"column":7}},"1":{"start":{"line":4,"column":9},"end":{"line":1,"column":34}},"2":{"start":{"line":2,"column":0},"end":{"line":2,"column":7}},"3":{"start":{"line":4,"column":24},"end":{"line":2,"column":42}}},"fnMap":{},"branchMap":{},"s":{"0":3,"1":3,"2":3,"3":3},"f":{},"b":{}}
,"/home/filippoippolitorodrigues/Área de Trabalho/MYPROJECTS/strider/src/errors/translator/post/key.ts": {"path":"/home/filippoippolitorodrigues/Área de Trabalho/MYPROJECTS/strider/src/errors/translator/post/key.ts","statementMap":{"0":{"start":{"line":1,"column":0},"end":{"line":4,"column":2}}},"fnMap":{},"branchMap":{},"s":{"0":3},"f":{},"b":{}}
,"/home/filippoippolitorodrigues/Área de Trabalho/MYPROJECTS/strider/src/errors/translator/post/message.ts": {"path":"/home/filippoippolitorodrigues/Área de Trabalho/MYPROJECTS/strider/src/errors/translator/post/message.ts","statementMap":{"0":{"start":{"line":1,"column":0},"end":{"line":4,"column":2}}},"fnMap":{},"branchMap":{},"s":{"0":3},"f":{},"b":{}}
,"/home/filippoippolitorodrigues/Área de Trabalho/MYPROJECTS/strider/src/errors/translator/user/index.ts": {"path":"/home/filippoippolitorodrigues/Área de Trabalho/MYPROJECTS/strider/src/errors/translator/user/index.ts","statementMap":{"0":{"start":{"line":1,"column":0},"end":{"line":1,"column":7}},"1":{"start":{"line":4,"column":9},"end":{"line":1,"column":34}},"2":{"start":{"line":2,"column":0},"end":{"line":2,"column":7}},"3":{"start":{"line":4,"column":24},"end":{"line":2,"column":42}}},"fnMap":{},"branchMap":{},"s":{"0":1,"1":1,"2":1,"3":1},"f":{},"b":{}}
,"/home/filippoippolitorodrigues/Área de Trabalho/MYPROJECTS/strider/src/errors/translator/user/key.ts": {"path":"/home/filippoippolitorodrigues/Área de Trabalho/MYPROJECTS/strider/src/errors/translator/user/key.ts","statementMap":{"0":{"start":{"line":1,"column":0},"end":{"line":3,"column":2}}},"fnMap":{},"branchMap":{},"s":{"0":1},"f":{},"b":{}}
,"/home/filippoippolitorodrigues/Área de Trabalho/MYPROJECTS/strider/src/errors/translator/user/message.ts": {"path":"/home/filippoippolitorodrigues/Área de Trabalho/MYPROJECTS/strider/src/errors/translator/user/message.ts","statementMap":{"0":{"start":{"line":1,"column":0},"end":{"line":3,"column":2}}},"fnMap":{},"branchMap":{},"s":{"0":1},"f":{},"b":{}}
,"/home/filippoippolitorodrigues/Área de Trabalho/MYPROJECTS/strider/src/middlewares/validation.ts": {"path":"/home/filippoippolitorodrigues/Área de Trabalho/MYPROJECTS/strider/src/middlewares/validation.ts","statementMap":{"0":{"start":{"line":3,"column":0},"end":{"line":3,"column":45}},"1":{"start":{"line":6,"column":42},"end":{"line":10,"column":4}},"2":{"start":{"line":12,"column":2},"end":{"line":14,"column":null}},"3":{"start":{"line":13,"column":4},"end":{"line":13,"column":25}},"4":{"start":{"line":16,"column":17},"end":{"line":20,"column":4}},"5":{"start":{"line":17,"column":16},"end":{"line":17,"column":37}},"6":{"start":{"line":18,"column":20},"end":{"line":18,"column":55}},"7":{"start":{"line":19,"column":4},"end":{"line":19,"column":30}},"8":{"start":{"line":22,"column":2},"end":{"line":22,"column":69}},"9":{"start":{"line":25,"column":24},"end":{"line":32,"column":1}},"10":{"start":{"line":25,"column":50},"end":{"line":32,"column":1}},"11":{"start":{"line":26,"column":2},"end":{"line":31,"column":null}},"12":{"start":{"line":27,"column":4},"end":{"line":27,"column":57}},"13":{"start":{"line":28,"column":4},"end":{"line":28,"column":11}},"14":{"start":{"line":30,"column":4},"end":{"line":30,"column":14}},"15":{"start":{"line":72,"column":47},"end":{"line":72,"column":62}},"16":{"start":{"line":34,"column":23},"end":{"line":45,"column":1}},"17":{"start":{"line":34,"column":49},"end":{"line":45,"column":1}},"18":{"start":{"line":35,"column":2},"end":{"line":44,"column":null}},"19":{"start":{"line":36,"column":23},"end":{"line":36,"column":26}},"20":{"start":{"line":37,"column":4},"end":{"line":39,"column":7}},"21":{"start":{"line":40,"column":4},"end":{"line":40,"column":24}},"22":{"start":{"line":41,"column":4},"end":{"line":41,"column":11}},"23":{"start":{"line":43,"column":4},"end":{"line":43,"column":14}},"24":{"start":{"line":72,"column":16},"end":{"line":72,"column":30}},"25":{"start":{"line":47,"column":22},"end":{"line":56,"column":1}},"26":{"start":{"line":47,"column":48},"end":{"line":56,"column":1}},"27":{"start":{"line":48,"column":2},"end":{"line":55,"column":null}},"28":{"start":{"line":49,"column":22},"end":{"line":49,"column":25}},"29":{"start":{"line":50,"column":19},"end":{"line":50,"column":73}},"30":{"start":{"line":51,"column":4},"end":{"line":51,"column":23}},"31":{"start":{"line":52,"column":4},"end":{"line":52,"column":11}},"32":{"start":{"line":54,"column":4},"end":{"line":54,"column":14}},"33":{"start":{"line":72,"column":32},"end":{"line":72,"column":45}},"34":{"start":{"line":58,"column":21},"end":{"line":69,"column":1}},"35":{"start":{"line":58,"column":47},"end":{"line":69,"column":1}},"36":{"start":{"line":59,"column":2},"end":{"line":68,"column":null}},"37":{"start":{"line":60,"column":21},"end":{"line":60,"column":24}},"38":{"start":{"line":61,"column":4},"end":{"line":63,"column":7}},"39":{"start":{"line":64,"column":4},"end":{"line":64,"column":20}},"40":{"start":{"line":65,"column":4},"end":{"line":65,"column":11}},"41":{"start":{"line":67,"column":4},"end":{"line":67,"column":14}},"42":{"start":{"line":72,"column":2},"end":{"line":72,"column":14}}},"fnMap":{"0":{"name":"checkAndReturnValidationResult","decl":{"start":{"line":5,"column":15},"end":{"line":5,"column":45}},"loc":{"start":{"line":5,"column":90},"end":{"line":23,"column":1}}},"1":{"name":"(anonymous_2)","decl":{"start":{"line":16,"column":35},"end":{"line":16,"column":36}},"loc":{"start":{"line":16,"column":46},"end":{"line":20,"column":3}}},"2":{"name":"(anonymous_3)","decl":{"start":{"line":25,"column":24},"end":{"line":25,"column":25}},"loc":{"start":{"line":25,"column":50},"end":{"line":32,"column":1}}},"3":{"name":"(anonymous_4)","decl":{"start":{"line":25,"column":50},"end":{"line":25,"column":55}},"loc":{"start":{"line":25,"column":108},"end":{"line":32,"column":1}}},"4":{"name":"(anonymous_5)","decl":{"start":{"line":34,"column":23},"end":{"line":34,"column":24}},"loc":{"start":{"line":34,"column":49},"end":{"line":45,"column":1}}},"5":{"name":"(anonymous_6)","decl":{"start":{"line":34,"column":49},"end":{"line":34,"column":54}},"loc":{"start":{"line":34,"column":107},"end":{"line":45,"column":1}}},"6":{"name":"(anonymous_7)","decl":{"start":{"line":47,"column":22},"end":{"line":47,"column":23}},"loc":{"start":{"line":47,"column":48},"end":{"line":56,"column":1}}},"7":{"name":"(anonymous_8)","decl":{"start":{"line":47,"column":48},"end":{"line":47,"column":53}},"loc":{"start":{"line":47,"column":106},"end":{"line":56,"column":1}}},"8":{"name":"(anonymous_9)","decl":{"start":{"line":58,"column":21},"end":{"line":58,"column":22}},"loc":{"start":{"line":58,"column":47},"end":{"line":69,"column":1}}},"9":{"name":"(anonymous_10)","decl":{"start":{"line":58,"column":47},"end":{"line":58,"column":52}},"loc":{"start":{"line":58,"column":105},"end":{"line":69,"column":1}}}},"branchMap":{"0":{"loc":{"start":{"line":5,"column":76},"end":{"line":5,"column":90}},"type":"default-arg","locations":[{"start":{"line":5,"column":88},"end":{"line":5,"column":90}}]},"1":{"loc":{"start":{"line":12,"column":2},"end":{"line":14,"column":null}},"type":"if","locations":[{"start":{"line":12,"column":2},"end":{"line":14,"column":null}}]}},"s":{"0":1,"1":9,"2":9,"3":4,"4":5,"5":5,"6":5,"7":5,"8":5,"9":1,"10":3,"11":3,"12":3,"13":1,"14":2,"15":1,"16":1,"17":2,"18":2,"19":2,"20":2,"21":1,"22":1,"23":1,"24":1,"25":1,"26":2,"27":2,"28":2,"29":2,"30":1,"31":1,"32":1,"33":1,"34":1,"35":2,"36":2,"37":2,"38":2,"39":1,"40":1,"41":1,"42":1},"f":{"0":9,"1":5,"2":3,"3":3,"4":2,"5":2,"6":2,"7":2,"8":2,"9":2},"b":{"0":[5],"1":[4]}}
}
