TN:
SF:src/config/app-config.ts
FNF:0
FNH:0
DA:2,2
DA:4,2
DA:12,2
LF:3
LH:3
BRDA:2,0,0,2
BRDA:2,0,1,2
BRDA:6,1,0,2
BRDA:6,1,1,2
BRDA:7,2,0,2
BRDA:7,2,1,2
BRF:6
BRH:6
end_of_record
TN:
SF:src/domain/post/controller.ts
FN:4,getAll
FN:14,create
FNF:2
FNH:2
FNDA:2,getAll
FNDA:2,create
DA:2,1
DA:5,2
DA:6,2
DA:7,2
DA:8,1
DA:10,1
DA:15,2
DA:16,2
DA:17,2
DA:18,1
DA:20,1
DA:24,1
LF:12
LH:12
BRF:0
BRH:0
end_of_record
TN:
SF:src/domain/post/repository.ts
FN:12,(anonymous_1)
FN:28,(anonymous_2)
FN:61,(anonymous_3)
FNF:3
FNH:1
FNDA:0,(anonymous_1)
FNDA:0,(anonymous_2)
FNDA:1,(anonymous_3)
DA:1,3
DA:4,3
DA:5,3
DA:6,3
DA:8,3
DA:11,3
DA:13,0
DA:14,0
DA:15,0
DA:16,0
DA:18,0
DA:29,0
DA:30,0
DA:32,0
DA:33,0
DA:34,0
DA:36,0
DA:50,0
DA:52,0
DA:62,1
DA:63,1
DA:64,1
DA:65,1
DA:72,0
DA:73,0
DA:81,0
DA:82,0
DA:84,1
DA:85,1
LF:29
LH:12
BRDA:15,0,0,0
BRDA:15,0,1,0
BRDA:16,1,0,0
BRDA:16,1,1,0
BRDA:32,2,0,0
BRDA:32,2,1,0
BRDA:33,3,0,0
BRDA:33,3,1,0
BRDA:40,4,0,0
BRDA:40,4,1,0
BRDA:41,5,0,0
BRDA:41,5,1,0
BRDA:42,6,0,0
BRDA:42,6,1,0
BRDA:72,7,0,0
BRF:15
BRH:0
end_of_record
TN:
SF:src/domain/user/controller.ts
FN:4,getUser
FNF:1
FNH:1
FNDA:2,getUser
DA:2,1
DA:5,2
DA:6,2
DA:7,2
DA:9,1
DA:11,1
DA:15,1
LF:7
LH:7
BRF:0
BRH:0
end_of_record
TN:
SF:src/domain/user/repository.ts
FN:10,(anonymous_1)
FNF:1
FNH:0
FNDA:0,(anonymous_1)
DA:1,1
DA:2,1
DA:3,1
DA:4,1
DA:5,1
DA:6,1
DA:9,1
DA:11,0
DA:12,0
DA:13,0
DA:19,0
DA:20,0
DA:22,0
DA:28,0
LF:14
LH:7
BRF:0
BRH:0
end_of_record
TN:
SF:src/errors/default-error.ts
FN:4,(anonymous_0)
FNF:1
FNH:1
FNDA:11,(anonymous_0)
DA:1,4
DA:2,11
DA:5,11
DA:7,11
DA:8,11
DA:9,11
DA:10,0
DA:12,11
LF:8
LH:7
BRDA:9,0,0,0
BRDA:9,1,0,11
BRDA:9,1,1,0
BRF:3
BRH:1
end_of_record
TN:
SF:src/errors/http-error.ts
FN:8,(anonymous_1)
FNF:1
FNH:1
FNDA:11,(anonymous_1)
DA:1,4
DA:3,4
DA:4,11
DA:6,11
DA:9,11
DA:11,11
DA:12,11
LF:7
LH:7
BRDA:12,0,0,0
BRDA:12,0,1,11
BRDA:12,1,0,0
BRDA:12,1,1,11
BRDA:12,2,0,11
BRDA:12,2,1,11
BRF:6
BRH:4
end_of_record
TN:
SF:src/errors/translator/post/index.ts
FNF:0
FNH:0
DA:1,3
DA:2,3
DA:4,3
LF:3
LH:3
BRF:0
BRH:0
end_of_record
TN:
SF:src/errors/translator/post/key.ts
FNF:0
FNH:0
DA:1,3
LF:1
LH:1
BRF:0
BRH:0
end_of_record
TN:
SF:src/errors/translator/post/message.ts
FNF:0
FNH:0
DA:1,3
LF:1
LH:1
BRF:0
BRH:0
end_of_record
TN:
SF:src/errors/translator/user/index.ts
FNF:0
FNH:0
DA:1,1
DA:2,1
DA:4,1
LF:3
LH:3
BRF:0
BRH:0
end_of_record
TN:
SF:src/errors/translator/user/key.ts
FNF:0
FNH:0
DA:1,1
LF:1
LH:1
BRF:0
BRH:0
end_of_record
TN:
SF:src/errors/translator/user/message.ts
FNF:0
FNH:0
DA:1,1
LF:1
LH:1
BRF:0
BRH:0
end_of_record
TN:
SF:src/middlewares/validation.ts
FN:5,checkAndReturnValidationResult
FN:16,(anonymous_2)
FN:25,(anonymous_3)
FN:25,(anonymous_4)
FN:34,(anonymous_5)
FN:34,(anonymous_6)
FN:47,(anonymous_7)
FN:47,(anonymous_8)
FN:58,(anonymous_9)
FN:58,(anonymous_10)
FNF:10
FNH:10
FNDA:9,checkAndReturnValidationResult
FNDA:5,(anonymous_2)
FNDA:3,(anonymous_3)
FNDA:3,(anonymous_4)
FNDA:2,(anonymous_5)
FNDA:2,(anonymous_6)
FNDA:2,(anonymous_7)
FNDA:2,(anonymous_8)
FNDA:2,(anonymous_9)
FNDA:2,(anonymous_10)
DA:3,1
DA:6,9
DA:12,9
DA:13,4
DA:16,5
DA:17,5
DA:18,5
DA:19,5
DA:22,5
DA:25,3
DA:26,3
DA:27,3
DA:28,1
DA:30,2
DA:34,2
DA:35,2
DA:36,2
DA:37,2
DA:40,1
DA:41,1
DA:43,1
DA:47,2
DA:48,2
DA:49,2
DA:50,2
DA:51,1
DA:52,1
DA:54,1
DA:58,2
DA:59,2
DA:60,2
DA:61,2
DA:64,1
DA:65,1
DA:67,1
DA:72,1
LF:36
LH:36
BRDA:5,0,0,5
BRDA:12,1,0,4
BRF:2
BRH:2
end_of_record
